nohup: ignoring input
2024-11-06 15:52:34.255 INFO  [3958965] [CodeGenerator::generateAll@143] Host memory required for model: 0 MB
2024-11-06 15:52:34.255 INFO  [3958965] [CodeGenerator::generateAll@144] Device memory required for model: 0 MB
2024-11-06 15:52:34.255 INFO  [3958965] [CodeGenerator::generateAll@145] Zero-copy memory required for model: 0 MB
2024-11-06 15:52:34.255 INFO  [3958965] [CodeGenerator::generateAll@153] Merging model with 17 neuron groups and 289 synapse groups results in:
2024-11-06 15:52:34.255 INFO  [3958965] [CodeGenerator::generateAll@154] 	1 merged neuron update groups
2024-11-06 15:52:34.255 INFO  [3958965] [CodeGenerator::generateAll@155] 	1 merged presynaptic update groups
2024-11-06 15:52:34.255 INFO  [3958965] [CodeGenerator::generateAll@156] 	0 merged postsynaptic update groups
2024-11-06 15:52:34.255 INFO  [3958965] [CodeGenerator::generateAll@157] 	0 merged synapse dynamics groups
2024-11-06 15:52:34.255 INFO  [3958965] [CodeGenerator::generateAll@158] 	0 merged custom update groups
2024-11-06 15:52:34.255 INFO  [3958965] [CodeGenerator::generateAll@159] 	0 merged custom weight update groups
2024-11-06 15:52:34.255 INFO  [3958965] [CodeGenerator::generateAll@160] 	0 merged custom weight transpose update groups
2024-11-06 15:52:34.255 INFO  [3958965] [CodeGenerator::generateAll@161] 	1 merged neuron init groups
2024-11-06 15:52:34.255 INFO  [3958965] [CodeGenerator::generateAll@162] 	0 merged custom update init groups
2024-11-06 15:52:34.255 INFO  [3958965] [CodeGenerator::generateAll@163] 	0 merged custom WU update init groups
2024-11-06 15:52:34.255 INFO  [3958965] [CodeGenerator::generateAll@164] 	0 merged synapse init groups
2024-11-06 15:52:34.255 INFO  [3958965] [CodeGenerator::generateAll@165] 	0 merged synapse connectivity init groups
2024-11-06 15:52:34.255 INFO  [3958965] [CodeGenerator::generateAll@166] 	0 merged synapse sparse init groups
2024-11-06 15:52:34.255 INFO  [3958965] [CodeGenerator::generateAll@167] 	0 merged custom WU update sparse init groups
2024-11-06 15:52:34.255 INFO  [3958965] [CodeGenerator::generateAll@168] 	1 merged neuron spike queue update groups
2024-11-06 15:52:34.255 INFO  [3958965] [CodeGenerator::generateAll@169] 	1 merged synapse dendritic delay update groups
2024-11-06 15:52:34.255 INFO  [3958965] [CodeGenerator::generateAll@170] 	1 merged synapse connectivity host init groups
make: Entering directory '/home/liugangqiang/mam-allen-genn20241016/multi_area_model_CODE'
synapseUpdate.cc(63): warning #177-D: variable "shSpk" was declared but never referenced
      __attribute__((shared)) unsigned int shSpk[32];
                                           ^

Remark: The warnings can be suppressed with "-diag-suppress <warning-number>"

make: Leaving directory '/home/liugangqiang/mam-allen-genn20241016/multi_area_model_CODE'
/home/liugangqiang/software/miniconda3/envs/pygenn/lib/python3.8/site-packages/numpy/core/fromnumeric.py:3464: RuntimeWarning: Mean of empty slice.
  return _methods._mean(a, axis=axis, dtype=dtype,
/home/liugangqiang/software/miniconda3/envs/pygenn/lib/python3.8/site-packages/numpy/core/_methods.py:192: RuntimeWarning: invalid value encountered in scalar divide
  ret = ret.dtype.type(ret / rcount)
/home/liugangqiang/software/miniconda3/envs/pygenn/lib/python3.8/site-packages/dicthash/dicthash.py:47: UserWarning: Float too small for safe conversion tointeger. Rounding down to zero.
  warnings.warn('Float too small for safe conversion to'
start_time:2024-11-06 15:51:43
pred_time:2024-11-06 18:42:35
Initializing network from dictionary.
RAND_DATA_LABEL 4342
No R installation or IndexError, taking hard-coded SLN fit parameters.


========================================
Customized parameters
--------------------
{'K_scaling': 0.01,
 'N_scaling': 0.01,
 'connection_params': {'K_stable': None,
                       'PSP_e': 0.15,
                       'PSP_e_23_4': 0.4,
                       'PSP_e_5_h1': 0.15,
                       'av_indegree_V1': 3950.0,
                       'fac_nu_ext_1H': 1.0,
                       'fac_nu_ext_23': 1.0,
                       'fac_nu_ext_23E': 2.0,
                       'fac_nu_ext_23P': 1.0,
                       'fac_nu_ext_23S': 0.5,
                       'fac_nu_ext_23V': 1.2,
                       'fac_nu_ext_4': 1.0,
                       'fac_nu_ext_4E': 2.0,
                       'fac_nu_ext_4P': 1.0,
                       'fac_nu_ext_4S': 0.3,
                       'fac_nu_ext_4V': 3.0,
                       'fac_nu_ext_5': 1.0,
                       'fac_nu_ext_5E': 1.2,
                       'fac_nu_ext_5P': 1.0,
                       'fac_nu_ext_5S': 0.3,
                       'fac_nu_ext_5V': 3.0,
                       'fac_nu_ext_6': 1.0,
                       'fac_nu_ext_6E': 1.0,
                       'fac_nu_ext_6P': 1.0,
                       'fac_nu_ext_6S': 0.3,
                       'fac_nu_ext_6V': 3.0,
                       'fac_nu_ext_TH': 1.2,
                       'g': -4.0,
                       'g_H': -4.0,
                       'g_P': -4.0,
                       'g_S': -4.0,
                       'g_V': -4.0,
                       'g_dict': {'E23': 1.0,
                                  'E4': 0.8,
                                  'E5': 1.6,
                                  'E6': 0.7,
                                  'H1': 0.1,
                                  'P23': 1.9,
                                  'P4': 1.0,
                                  'P5': 1.1,
                                  'P6': 1.0,
                                  'S23': 0.6,
                                  'S4': 0.8,
                                  'S5': 0.5,
                                  'S6': 1.0,
                                  'V23': 1.0,
                                  'V4': 1.0,
                                  'V5': 3.0,
                                  'V6': 2.0},
                       'replace_non_simulated_areas': 'hom_poisson_stat'},
 'fullscale_rates': '/home/liugangqiang/mam-allen-genn20241016/tests/fullscale_rates2.json',
 'input_params': {'input': {'E23': 501.0,
                            'E4': 601.0,
                            'E5': 551.0,
                            'E6': 551.0,
                            'H1': 551,
                            'P23': 501.0,
                            'P4': 501.0,
                            'P5': 481.0,
                            'P6': 501.0,
                            'S23': 451.0,
                            'S4': 491.0,
                            'S5': 481.0,
                            'S6': 501.0,
                            'V23': 521.0,
                            'V4': 491.0,
                            'V5': 491.0,
                            'V6': 501.0},
                  'input_factor_E': 0.5,
                  'poisson_input': False,
                  'rate_ext': 5800},
 'neuron_params': {'V0_mean': -150.0,
                   'V0_sd': 50.0,
                   'single_neuron_dict': {'E': {'C_m': 500.0,
                                                'E_L': -70.0,
                                                'V_reset': -60.0,
                                                'V_th': -50.0,
                                                't_ref': 2.0,
                                                'tau_m': 20.0,
                                                'tau_syn': 0.5},
                                          'H': {'C_m': 500.0,
                                                'E_L': -70.0,
                                                'V_reset': -60.0,
                                                'V_th': -50.0,
                                                't_ref': 2.0,
                                                'tau_m': 20.0,
                                                'tau_syn': 0.5},
                                          'P': {'C_m': 500.0,
                                                'E_L': -70.0,
                                                'V_reset': -60.0,
                                                'V_th': -50.0,
                                                't_ref': 2.0,
                                                'tau_m': 20.0,
                                                'tau_syn': 0.5},
                                          'S': {'C_m': 500.0,
                                                'E_L': -70.0,
                                                'V_reset': -60.0,
                                                'V_th': -50.0,
                                                't_ref': 2.0,
                                                'tau_m': 20.0,
                                                'tau_syn': 0.5},
                                          'V': {'C_m': 500.0,
                                                'E_L': -70.0,
                                                'V_reset': -60.0,
                                                'V_th': -50.0,
                                                't_ref': 2.0,
                                                'tau_m': 20.0,
                                                'tau_syn': 0.5}}}}
========================================
fac_nu_ext_1H= 1.0
model_g= {'H1': 0.1, 'E23': 1.0, 'S23': 0.6, 'V23': 1.0, 'P23': 1.9, 'E4': 0.8, 'S4': 0.8, 'V4': 1.0, 'P4': 1.0, 'E5': 1.6, 'S5': 0.5, 'V5': 3.0, 'P5': 1.1, 'E6': 0.7, 'S6': 1.0, 'V6': 2.0, 'P6': 1.0}
PSC_h_over_PSP_h= 1099.2044080026958
PSC_s_over_PSP_s= 1099.2044080026958
PSC_p_over_PSP_p= 1099.2044080026958
PSC_v_over_PSP_v= 1099.2044080026958
w_ext= 164.88066120040438
tmp_data_fn= /home/liugangqiang/mam-allen-genn20241016/multiarea_model/data_multiarea/custom_data_files/custom_Data_Model_4342.json
data_fn= /home/liugangqiang/mam-allen-genn20241016/config_files/custom_Data_Model_0bfb8576d0607bdccc8c7344d4b48972.json
Simulation label: 89fac05b5d021c2caadb2e7274f49d33
Copied files.
Initialized simulation class.
Max inter-area delay:4.289262ms
Max intra-area delay:0.000000ms
Prepared simulation in 0.00 seconds.
lif_init= <pygenn.genn_wrapper.Models.VarInit; proxy of <Swig Object of type 'Models::VarInit *' at 0x7f7c7c539060> >
created area V1 with 0 local nodes
Created areas and internal connections in 0.06 seconds.
Created cortico-cortical connections in 0.00 seconds.
Extra global parameters require: 0 MB
Built GeNN model in 4.81 seconds.
Loaded GeNN model in 0.02 seconds.
Simulated network in 1.17 seconds.
load_path= /home/liugangqiang/mam-allen-genn20241016/simulations/89fac05b5d021c2caadb2e7274f49d33/recordings/V1_H1_voltage.npy
swig/python detected a memory leak of type 'CodeGenerator::CUDA::Backend *', no destructor found.
Traceback (most recent call last):
  File "run_multiarea.py", line 496, in <module>
    M.analysis.load_data()
  File "/home/liugangqiang/mam-allen-genn20241016/multiarea_model/analysis.py", line 137, in load_data
    voltage[area][pop] = np.load(voltage_fn)
  File "/home/liugangqiang/software/miniconda3/envs/pygenn/lib/python3.8/site-packages/numpy/lib/npyio.py", line 405, in load
    fid = stack.enter_context(open(os_fspath(file), "rb"))
FileNotFoundError: [Errno 2] No such file or directory: '/home/liugangqiang/mam-allen-genn20241016/simulations/89fac05b5d021c2caadb2e7274f49d33/recordings/V1_H1_voltage.npy'
